<?xml version="1.0" encoding="UTF-8"?>
<testsuite name="com.example.springaidemo.controller.AIControllerTest" tests="1" skipped="0" failures="0" errors="0" timestamp="2025-05-04T22:25:23" hostname="MacBookPro" time="0.033">
  <properties/>
  <testcase name="testGetAgenticAIInfo()" classname="com.example.springaidemo.controller.AIControllerTest" time="0.033"/>
  <system-out><![CDATA[18:25:22.482 [Test worker] INFO org.springframework.test.context.support.AnnotationConfigContextLoaderUtils -- Could not detect default configuration classes for test class [com.example.springaidemo.controller.AIControllerTest]: AIControllerTest does not declare any static, non-private, non-final, nested classes annotated with @Configuration.
18:25:22.556 [Test worker] INFO org.springframework.boot.test.context.SpringBootTestContextBootstrapper -- Found @SpringBootConfiguration com.example.springaidemo.SpringAiDemoApplication for test class com.example.springaidemo.controller.AIControllerTest

  .   ____          _            __ _ _
 /\\ / ___'_ __ _ _(_)_ __  __ _ \ \ \ \
( ( )\___ | '_ | '_| | '_ \/ _` | \ \ \ \
 \\/  ___)| |_)| | | | | || (_| |  ) ) ) )
  '  |____| .__|_| |_|_| |_\__, | / / / /
 =========|_|==============|___/=/_/_/_/
?[32m :: Spring Boot :: ?[39m              ?[2m (v3.2.0)?[0;39m

?[2m2025-05-04T18:25:22.703-04:00?[0;39m ?[33m WARN?[0;39m ?[35m5175?[0;39m ?[2m---?[0;39m ?[2m[spring-ai-demo] [    Test worker]?[0;39m ?[2m?[0;39m?[36mory$DuplicateJsonObjectContextCustomizer?[0;39m ?[2m:?[0;39m 

Found multiple occurrences of org.json.JSONObject on the class path:

	jar:file:/Users/maggie.miranda/.gradle/caches/modules-2/files-2.1/com.vaadin.external.google/android-json/0.0.20131108.vaadin1/fa26d351fe62a6a17f5cda1287c1c6110dec413f/android-json-0.0.20131108.vaadin1.jar!/org/json/JSONObject.class
	jar:file:/Users/maggie.miranda/.gradle/caches/modules-2/files-2.1/org.json/json/20231013/e22e0c040fe16f04ffdb85d851d77b07fc05ea52/json-20231013.jar!/org/json/JSONObject.class

You may wish to exclude one of them to ensure predictable runtime behavior

?[2m2025-05-04T18:25:22.707-04:00?[0;39m ?[32m INFO?[0;39m ?[35m5175?[0;39m ?[2m---?[0;39m ?[2m[spring-ai-demo] [    Test worker]?[0;39m ?[2m?[0;39m?[36mc.e.s.controller.AIControllerTest       ?[0;39m ?[2m:?[0;39m Starting AIControllerTest using Java 23.0.2 with PID 5175 (started by maggie.miranda in /Users/maggie.miranda/my-dev-space/spring-ai-demo)
?[2m2025-05-04T18:25:22.707-04:00?[0;39m ?[32m INFO?[0;39m ?[35m5175?[0;39m ?[2m---?[0;39m ?[2m[spring-ai-demo] [    Test worker]?[0;39m ?[2m?[0;39m?[36mc.e.s.controller.AIControllerTest       ?[0;39m ?[2m:?[0;39m No active profile set, falling back to 1 default profile: "default"
?[2m2025-05-04T18:25:23.635-04:00?[0;39m ?[32m INFO?[0;39m ?[35m5175?[0;39m ?[2m---?[0;39m ?[2m[spring-ai-demo] [    Test worker]?[0;39m ?[2m?[0;39m?[36mo.s.b.t.m.w.SpringBootMockServletContext?[0;39m ?[2m:?[0;39m Initializing Spring TestDispatcherServlet ''
?[2m2025-05-04T18:25:23.635-04:00?[0;39m ?[32m INFO?[0;39m ?[35m5175?[0;39m ?[2m---?[0;39m ?[2m[spring-ai-demo] [    Test worker]?[0;39m ?[2m?[0;39m?[36mo.s.t.web.servlet.TestDispatcherServlet ?[0;39m ?[2m:?[0;39m Initializing Servlet ''
?[2m2025-05-04T18:25:23.636-04:00?[0;39m ?[32m INFO?[0;39m ?[35m5175?[0;39m ?[2m---?[0;39m ?[2m[spring-ai-demo] [    Test worker]?[0;39m ?[2m?[0;39m?[36mo.s.t.web.servlet.TestDispatcherServlet ?[0;39m ?[2m:?[0;39m Completed initialization in 0 ms
?[2m2025-05-04T18:25:23.682-04:00?[0;39m ?[32m INFO?[0;39m ?[35m5175?[0;39m ?[2m---?[0;39m ?[2m[spring-ai-demo] [    Test worker]?[0;39m ?[2m?[0;39m?[36mc.e.s.controller.AIControllerTest       ?[0;39m ?[2m:?[0;39m Started AIControllerTest in 1.095 seconds (process running for 1.612)
?[2m2025-05-04T18:25:23.707-04:00?[0;39m ?[32m INFO?[0;39m ?[35m5175?[0;39m ?[2m---?[0;39m ?[2m[spring-ai-demo] [    Test worker]?[0;39m ?[2m?[0;39m?[36mc.e.s.controller.AIController           ?[0;39m ?[2m:?[0;39m AI info endpoint called
?[2m2025-05-04T18:25:23.707-04:00?[0;39m ?[32m INFO?[0;39m ?[35m5175?[0;39m ?[2m---?[0;39m ?[2m[spring-ai-demo] [    Test worker]?[0;39m ?[2m?[0;39m?[36mcom.example.springaidemo.util.AIUtil    ?[0;39m ?[2m:?[0;39m Getting information about Agentic AI
]]></system-out>
  <system-err><![CDATA[WARNING: A Java agent has been loaded dynamically (/Users/maggie.miranda/.gradle/caches/modules-2/files-2.1/net.bytebuddy/byte-buddy-agent/1.14.10/90ed94ac044ea8953b224304c762316e91fd6b31/byte-buddy-agent-1.14.10.jar)
WARNING: If a serviceability tool is in use, please run with -XX:+EnableDynamicAgentLoading to hide this warning
WARNING: If a serviceability tool is not in use, please run with -Djdk.instrument.traceUsage for more information
WARNING: Dynamic loading of agents will be disallowed by default in a future release
]]></system-err>
</testsuite>
